2021-07-02T04:09:29+00:00 INFO (6): param
2021-07-02T04:09:29+00:00 INFO (6):
2021-07-02T04:09:29+00:00 INFO (6): param
2021-07-02T04:09:29+00:00 INFO (6):
2021-07-02T04:09:29+00:00 INFO (6): param
2021-07-02T04:09:29+00:00 INFO (6):
2021-07-02T04:09:30+00:00 INFO (6): param
2021-07-02T04:09:30+00:00 INFO (6):
2021-07-02T04:09:30+00:00 INFO (6): param
2021-07-02T04:09:30+00:00 INFO (6):
2021-07-02T04:09:30+00:00 INFO (6): custom price :180
2021-07-02T04:09:30+00:00 INFO (6): discount price :135
2021-07-02T04:09:30+00:00 INFO (6): rate price :135
2021-07-02T04:09:30+00:00 INFO (6): total price :135.00
2021-07-02T04:09:30+00:00 INFO (6): param
2021-07-02T04:09:30+00:00 INFO (6):
2021-07-02T04:09:30+00:00 INFO (6): param
2021-07-02T04:09:30+00:00 INFO (6):
2021-07-02T04:09:30+00:00 INFO (6): param
2021-07-02T04:09:30+00:00 INFO (6):
2021-07-02T04:09:30+00:00 INFO (6): param
2021-07-02T04:09:30+00:00 INFO (6):
2021-07-02T05:27:23+00:00 INFO (6): param
2021-07-02T05:27:23+00:00 INFO (6):
2021-07-02T05:27:23+00:00 INFO (6): param
2021-07-02T05:27:23+00:00 INFO (6):
2021-07-02T05:27:23+00:00 INFO (6): param
2021-07-02T05:27:23+00:00 INFO (6):
2021-07-02T05:27:23+00:00 INFO (6): param
2021-07-02T05:27:23+00:00 INFO (6):
2021-07-02T05:27:23+00:00 INFO (6): param
2021-07-02T05:27:23+00:00 INFO (6):
2021-07-02T05:27:23+00:00 INFO (6): param
2021-07-02T05:27:23+00:00 INFO (6):
2021-07-02T05:27:23+00:00 INFO (6): param
2021-07-02T05:27:23+00:00 INFO (6):
2021-07-02T05:27:23+00:00 INFO (6): param
2021-07-02T05:27:23+00:00 INFO (6):
2021-07-02T05:27:23+00:00 INFO (6): param
2021-07-02T05:27:23+00:00 INFO (6):
2021-07-02T06:11:43+00:00 INFO (6): param
2021-07-02T06:11:43+00:00 INFO (6):
2021-07-02T06:11:43+00:00 INFO (6): param
2021-07-02T06:11:43+00:00 INFO (6):
2021-07-02T06:11:43+00:00 INFO (6): param
2021-07-02T06:11:43+00:00 INFO (6):
2021-07-02T06:11:43+00:00 INFO (6): param
2021-07-02T06:11:43+00:00 INFO (6):
2021-07-02T06:11:43+00:00 INFO (6): param
2021-07-02T06:11:43+00:00 INFO (6):
2021-07-02T06:11:43+00:00 INFO (6): param
2021-07-02T06:11:43+00:00 INFO (6):
2021-07-02T06:11:43+00:00 INFO (6): param
2021-07-02T06:11:43+00:00 INFO (6):
2021-07-02T06:11:43+00:00 INFO (6): param
2021-07-02T06:11:43+00:00 INFO (6):
2021-07-02T06:11:43+00:00 INFO (6): param
2021-07-02T06:11:43+00:00 INFO (6):
2021-07-02T06:25:48+00:00 INFO (6): param
2021-07-02T06:25:48+00:00 INFO (6):
2021-07-02T06:25:48+00:00 INFO (6): param
2021-07-02T06:25:48+00:00 INFO (6):
2021-07-02T06:25:48+00:00 INFO (6): param
2021-07-02T06:25:48+00:00 INFO (6):
2021-07-02T06:25:48+00:00 INFO (6): param
2021-07-02T06:25:48+00:00 INFO (6):
2021-07-02T06:25:48+00:00 INFO (6): param
2021-07-02T06:25:48+00:00 INFO (6):
2021-07-02T06:25:48+00:00 INFO (6): custom price :180
2021-07-02T06:25:48+00:00 INFO (6): discount price :135
2021-07-02T06:25:48+00:00 INFO (6): rate price :135
2021-07-02T06:25:48+00:00 INFO (6): total price :135.00
2021-07-02T06:25:48+00:00 INFO (6): param
2021-07-02T06:25:48+00:00 INFO (6):
2021-07-02T06:25:48+00:00 INFO (6): param
2021-07-02T06:25:48+00:00 INFO (6):
2021-07-02T06:25:49+00:00 INFO (6): custom price :180
2021-07-02T06:25:49+00:00 INFO (6): discount price :171
2021-07-02T06:25:49+00:00 INFO (6): rate price :171
2021-07-02T06:25:49+00:00 INFO (6): total price :171.00
2021-07-02T06:25:49+00:00 INFO (6): param
2021-07-02T06:25:49+00:00 INFO (6):
2021-07-02T06:25:49+00:00 INFO (6): param
2021-07-02T06:25:49+00:00 INFO (6):
2021-07-02T12:52:43+00:00 INFO (6): param
2021-07-02T12:52:43+00:00 INFO (6):
2021-07-02T12:52:43+00:00 INFO (6): param
2021-07-02T12:52:43+00:00 INFO (6):
2021-07-02T12:52:43+00:00 INFO (6): param
2021-07-02T12:52:43+00:00 INFO (6):
2021-07-02T12:52:43+00:00 INFO (6): param
2021-07-02T12:52:43+00:00 INFO (6):
2021-07-02T12:52:43+00:00 INFO (6): param
2021-07-02T12:52:43+00:00 INFO (6):
2021-07-02T12:52:43+00:00 INFO (6): param
2021-07-02T12:52:43+00:00 INFO (6):
2021-07-02T12:52:43+00:00 INFO (6): param
2021-07-02T12:52:43+00:00 INFO (6):
2021-07-02T12:52:43+00:00 INFO (6): param
2021-07-02T12:52:43+00:00 INFO (6):
2021-07-02T12:52:43+00:00 INFO (6): param
2021-07-02T12:52:43+00:00 INFO (6):
