2021-07-02T05:43:41+00:00 INFO (6): in if loop condition
2021-07-02T05:43:42+00:00 INFO (6): Final xml output for ups
2021-07-02T05:43:42+00:00 INFO (6): array (
)
2021-07-02T05:43:42+00:00 INFO (6): Final xml output for ups1111111
2021-07-02T05:43:42+00:00 INFO (6): array (
)
2021-07-02T05:43:49+00:00 INFO (6): in if loop condition
2021-07-02T05:43:49+00:00 INFO (6): Final xml output for ups
2021-07-02T05:43:49+00:00 INFO (6): array (
)
2021-07-02T05:43:49+00:00 INFO (6): Final xml output for ups1111111
2021-07-02T05:43:49+00:00 INFO (6): array (
)
2021-07-02T06:16:23+00:00 INFO (6): in if loop condition
2021-07-02T06:16:24+00:00 INFO (6): Final xml output for ups
2021-07-02T06:16:24+00:00 INFO (6): array (
)
2021-07-02T06:16:24+00:00 INFO (6): Final xml output for ups1111111
2021-07-02T06:16:24+00:00 INFO (6): array (
)
2021-07-02T06:22:18+00:00 INFO (6): in if loop condition
2021-07-02T06:22:19+00:00 INFO (6): Final xml output for ups
2021-07-02T06:22:19+00:00 INFO (6): array (
)
2021-07-02T06:22:19+00:00 INFO (6): Final xml output for ups1111111
2021-07-02T06:22:19+00:00 INFO (6): array (
)
2021-07-02T06:22:30+00:00 INFO (6): in if loop condition
2021-07-02T06:22:30+00:00 INFO (6): Final xml output for ups
2021-07-02T06:22:30+00:00 INFO (6): array (
)
2021-07-02T06:22:30+00:00 INFO (6): Final xml output for ups1111111
2021-07-02T06:22:30+00:00 INFO (6): array (
)
2021-07-02T12:37:16+00:00 INFO (6): in if loop condition
2021-07-02T12:37:17+00:00 INFO (6): Final xml output for ups
2021-07-02T12:37:17+00:00 INFO (6): array (
)
2021-07-02T12:37:17+00:00 INFO (6): Final xml output for ups1111111
2021-07-02T12:37:17+00:00 INFO (6): array (
)
2021-07-02T12:37:46+00:00 INFO (6): in if loop condition
2021-07-02T12:37:46+00:00 INFO (6): Final xml output for ups
2021-07-02T12:37:46+00:00 INFO (6): array (
)
2021-07-02T12:37:46+00:00 INFO (6): Final xml output for ups1111111
2021-07-02T12:37:46+00:00 INFO (6): array (
)
2021-07-02T12:43:53+00:00 INFO (6): in if loop condition
2021-07-02T12:43:54+00:00 INFO (6): Final xml output for ups
2021-07-02T12:43:54+00:00 INFO (6): array (
)
2021-07-02T12:43:54+00:00 INFO (6): Final xml output for ups1111111
2021-07-02T12:43:54+00:00 INFO (6): array (
)
2021-07-02T12:44:02+00:00 INFO (6): in if loop condition
2021-07-02T12:44:02+00:00 INFO (6): Final xml output for ups
2021-07-02T12:44:02+00:00 INFO (6): array (
)
2021-07-02T12:44:02+00:00 INFO (6): Final xml output for ups1111111
2021-07-02T12:44:02+00:00 INFO (6): array (
)
2021-07-02T12:44:27+00:00 INFO (6): in if loop condition
2021-07-02T12:44:27+00:00 INFO (6): Final xml output for ups
2021-07-02T12:44:27+00:00 INFO (6): array (
)
2021-07-02T12:44:27+00:00 INFO (6): Final xml output for ups1111111
2021-07-02T12:44:27+00:00 INFO (6): array (
)
2021-07-02T12:44:28+00:00 INFO (6): in if loop condition
2021-07-02T12:44:28+00:00 INFO (6): Final xml output for ups
2021-07-02T12:44:28+00:00 INFO (6): array (
)
2021-07-02T12:44:28+00:00 INFO (6): Final xml output for ups1111111
2021-07-02T12:44:28+00:00 INFO (6): array (
)
2021-07-02T12:44:36+00:00 INFO (6): in if loop condition
2021-07-02T12:44:37+00:00 INFO (6): Final xml output for ups
2021-07-02T12:44:37+00:00 INFO (6): array (
)
2021-07-02T12:44:37+00:00 INFO (6): Final xml output for ups1111111
2021-07-02T12:44:37+00:00 INFO (6): array (
)
2021-07-02T12:44:43+00:00 INFO (6): in if loop condition
2021-07-02T12:44:44+00:00 INFO (6): Final xml output for ups
2021-07-02T12:44:44+00:00 INFO (6): array (
)
2021-07-02T12:44:44+00:00 INFO (6): Final xml output for ups1111111
2021-07-02T12:44:44+00:00 INFO (6): array (
)
2021-07-02T12:45:07+00:00 INFO (6): in if loop condition
2021-07-02T12:45:07+00:00 INFO (6): Final xml output for ups
2021-07-02T12:45:07+00:00 INFO (6): array (
)
2021-07-02T12:45:07+00:00 INFO (6): Final xml output for ups1111111
2021-07-02T12:45:07+00:00 INFO (6): array (
)
2021-07-02T12:52:18+00:00 INFO (6): in if loop condition
2021-07-02T12:52:18+00:00 INFO (6): Final xml output for ups
2021-07-02T12:52:18+00:00 INFO (6): array (
)
2021-07-02T12:52:18+00:00 INFO (6): Final xml output for ups1111111
2021-07-02T12:52:18+00:00 INFO (6): array (
)
2021-07-02T12:52:31+00:00 INFO (6): in if loop condition
2021-07-02T12:52:32+00:00 INFO (6): Final xml output for ups
2021-07-02T12:52:32+00:00 INFO (6): array (
)
2021-07-02T12:52:32+00:00 INFO (6): Final xml output for ups1111111
2021-07-02T12:52:32+00:00 INFO (6): array (
)
2021-07-02T12:52:51+00:00 INFO (6): in if loop condition
2021-07-02T12:52:51+00:00 INFO (6): Final xml output for ups
2021-07-02T12:52:51+00:00 INFO (6): array (
)
2021-07-02T12:52:51+00:00 INFO (6): Final xml output for ups1111111
2021-07-02T12:52:51+00:00 INFO (6): array (
)
2021-07-02T12:53:01+00:00 INFO (6): in if loop condition
2021-07-02T12:53:01+00:00 INFO (6): Final xml output for ups
2021-07-02T12:53:01+00:00 INFO (6): array (
)
2021-07-02T12:53:01+00:00 INFO (6): Final xml output for ups1111111
2021-07-02T12:53:01+00:00 INFO (6): array (
)
2021-07-02T12:53:09+00:00 INFO (6): in if loop condition
2021-07-02T12:53:09+00:00 INFO (6): Final xml output for ups
2021-07-02T12:53:09+00:00 INFO (6): array (
)
2021-07-02T12:53:09+00:00 INFO (6): Final xml output for ups1111111
2021-07-02T12:53:09+00:00 INFO (6): array (
)
2021-07-02T12:53:44+00:00 INFO (6): in if loop condition
2021-07-02T12:53:45+00:00 INFO (6): Final xml output for ups
2021-07-02T12:53:45+00:00 INFO (6): array (
)
2021-07-02T12:53:45+00:00 INFO (6): Final xml output for ups1111111
2021-07-02T12:53:45+00:00 INFO (6): array (
)
2021-07-02T13:16:06+00:00 INFO (6): in if loop condition
2021-07-02T13:16:07+00:00 INFO (6): Final xml output for ups
2021-07-02T13:16:07+00:00 INFO (6): array (
)
2021-07-02T13:16:07+00:00 INFO (6): Final xml output for ups1111111
2021-07-02T13:16:07+00:00 INFO (6): array (
)
2021-07-02T13:16:10+00:00 INFO (6): in if loop condition
2021-07-02T13:16:10+00:00 INFO (6): Final xml output for ups
2021-07-02T13:16:10+00:00 INFO (6): array (
)
2021-07-02T13:16:10+00:00 INFO (6): Final xml output for ups1111111
2021-07-02T13:16:10+00:00 INFO (6): array (
)
2021-07-02T13:32:42+00:00 INFO (6): in if loop condition
2021-07-02T13:32:43+00:00 INFO (6): Final xml output for ups
2021-07-02T13:32:43+00:00 INFO (6): array (
)
2021-07-02T13:32:43+00:00 INFO (6): Final xml output for ups1111111
2021-07-02T13:32:43+00:00 INFO (6): array (
)
2021-07-02T13:32:55+00:00 INFO (6): in if loop condition
2021-07-02T13:32:55+00:00 INFO (6): Final xml output for ups
2021-07-02T13:32:55+00:00 INFO (6): array (
)
2021-07-02T13:32:55+00:00 INFO (6): Final xml output for ups1111111
2021-07-02T13:32:55+00:00 INFO (6): array (
)
2021-07-02T13:36:27+00:00 INFO (6): in if loop condition
2021-07-02T13:36:28+00:00 INFO (6): Final xml output for ups
2021-07-02T13:36:28+00:00 INFO (6): array (
)
2021-07-02T13:36:28+00:00 INFO (6): Final xml output for ups1111111
2021-07-02T13:36:28+00:00 INFO (6): array (
)
2021-07-02T13:36:33+00:00 INFO (6): in if loop condition
2021-07-02T13:36:34+00:00 INFO (6): Final xml output for ups
2021-07-02T13:36:34+00:00 INFO (6): array (
)
2021-07-02T13:36:34+00:00 INFO (6): Final xml output for ups1111111
2021-07-02T13:36:34+00:00 INFO (6): array (
)
