<span class="console-info">2020-07-23 06:50:18 : Entity categories</span>
<span class="console-info">2020-07-23 06:50:18 : Begin data validation</span>
<span class="console-info">2020-07-23 06:50:18 : Checked column 0</span>
<span class="console-info">2020-07-23 06:50:18 : Checked column 1</span>
<span class="console-info">2020-07-23 06:50:18 : Checked column 2</span>
<span class="console-info">2020-07-23 06:50:18 : Checked column 3</span>
<span class="console-info">2020-07-23 06:50:18 : Checked column 4</span>
<span class="console-info">2020-07-23 06:50:18 : Checked column 5</span>
<span class="console-info">2020-07-23 06:50:18 : Checked column 6</span>
<span class="console-info">2020-07-23 06:50:18 : Checked column 7</span>
<span class="console-info">2020-07-23 06:50:18 : Checked column 8</span>
<span class="console-info">2020-07-23 06:50:18 : Checked column 9</span>
<span class="console-info">2020-07-23 06:50:18 : Checked column 10</span>
<span class="console-info">2020-07-23 06:50:18 : Checked column 11</span>
<span class="console-info">2020-07-23 06:50:18 : Checked column 12</span>
<span class="console-info">2020-07-23 06:50:18 : Checked column 13</span>
<span class="console-info">2020-07-23 06:50:18 : Checked column 14</span>
<span class="console-info">2020-07-23 06:50:18 : Checked column 15</span>
<span class="console-info">2020-07-23 06:50:18 : Checked column 16</span>
<span class="console-info">2020-07-23 06:50:18 : Checked column 17</span>
<span class="console-info">2020-07-23 06:50:18 : Checked column 18</span>
<span class="console-info">2020-07-23 06:50:18 : Checked column 19</span>
<span class="console-info">2020-07-23 06:50:18 : Checked column 20</span>
<span class="console-info">2020-07-23 06:50:18 : Checked column 21</span>
<span class="console-info">2020-07-23 06:50:18 : Checked column 22</span>
<span class="console-info">2020-07-23 06:50:18 : Checked column 23</span>
<span class="console-info">2020-07-23 06:50:18 : Checked column 24</span>
<span class="console-info">2020-07-23 06:50:18 : Finish checking columns</span>
<span class="console-info">2020-07-23 06:50:18 : Errors count: 0</span>
<span class="console-info">2020-07-23 06:50:18 : Start saving bunches</span>
<span class="console-info">2020-07-23 06:50:18 : Finish saving bunches</span>
<span class="console-info">2020-07-23 06:50:18 : The validation is complete.</span>
<span class="console-info">2020-07-23 06:50:18 : Checked rows: 30, checked entities: 30, invalid rows: 0, total errors: 0</span>
<span class="console-info">2020-07-23 06:50:18 : Import data validation is complete.</span>
<span class="console-info">2020-07-23 06:50:23 : category with name: Default Category/Products/Hydraulics/Vane Pumps/Variable Displacement .... 1.46021s</span>
<span class="console-info">2020-07-23 06:50:24 : category with name: Default Category/Products/Hydraulics/Vane Pumps/Fixed Displacement/ .... 0.39246s</span>
<span class="console-info">2020-07-23 06:50:25 : category with name: Default Category/Products/Hydraulics/Vane Pumps/Fixed Displacement/Low Noise/Single Pumps .... 0.76722s</span>
<span class="console-info">2020-07-23 06:50:25 : category with name: Default Category/Products/Hydraulics/Vane Pumps/Fixed Displacement/Low Noise/Double Pumps .... 0.35503s</span>
<span class="console-info">2020-07-23 06:50:25 : category with name: Default Category/Products/Hydraulics/Vane Pumps/Fixed Displacement/Low Noise/Triple Pumps .... 0.37807s</span>
<span class="console-info">2020-07-23 06:50:26 : category with name: Default Category/Products/Hydraulics/Vane Pumps/Fixed Displacement/High Performance/Single Pumps .... 0.78899s</span>
<span class="console-info">2020-07-23 06:50:26 : category with name: Default Category/Products/Hydraulics/Vane Pumps/Fixed Displacement/High Performance/Double Pumps .... 0.37629s</span>
<span class="console-info">2020-07-23 06:50:27 : category with name: Default Category/Products/Hydraulics/Vane Pumps/Vane Pump Parts/Catridge Kits .... 0.86441s</span>
<span class="console-info">2020-07-23 06:50:28 : category with name: Default Category/Products/Hydraulics/Vane Pumps/Vane Pump Parts/Shaft Assembly/Shafts .... 0.98884s</span>
<span class="console-info">2020-07-23 06:50:29 : category with name: Default Category/Products/Hydraulics/Vane Pumps/Vane Pump Parts/Shaft Assembly/Bearings .... 0.48624s</span>
<span class="console-info">2020-07-23 06:50:29 : category with name: Default Category/Products/Hydraulics/Vane Pumps/Vane Pump Parts/Shaft Assembly/Keys .... 0.49931s</span>
<span class="console-info">2020-07-23 06:50:30 : category with name: Default Category/Products/Hydraulics/Vane Pumps/Vane Pump Parts/Shaft Assembly/Retaining Rings .... 0.4683s</span>
<span class="console-info">2020-07-23 06:50:30 : category with name: Default Category/Products/Hydraulics/Vane Pumps/Vane Pump Parts/Seals & Accessories .... 0.43618s</span>
<span class="console-info">2020-07-23 06:50:30 : category with name: Default Category/Products/Control & Automation/Limit Switches/Positive Opening Mechanism .... 0.05093s</span>
<span class="console-info">2020-07-23 06:50:31 : category with name: Default Category/Products/Control & Automation/Limit Switches/General Purpose/Standard Roller Levers .... 0.4422s</span>
<span class="console-info">2020-07-23 06:50:31 : category with name: Default Category/Products/Control & Automation/Limit Switches/General Purpose/Adjustable Roller Levers .... 0.47873s</span>
<span class="console-info">2020-07-23 06:50:32 : category with name: Default Category/Products/Control & Automation/Limit Switches/General Purpose/Standard Plungers .... 0.49122s</span>
<span class="console-info">2020-07-23 06:50:32 : category with name: Default Category/Products/Control & Automation/Limit Switches/General Purpose/Side-roller Plungers .... 0.52408s</span>
<span class="console-info">2020-07-23 06:50:33 : category with name: Default Category/Products/Control & Automation/Limit Switches/General Purpose/Roller Plungers .... 0.40231s</span>
<span class="console-info">2020-07-23 06:50:33 : category with name: Default Category/Products/Control & Automation/Limit Switches/General Purpose/Fork Lever Locks .... 0.39104s</span>
<span class="console-info">2020-07-23 06:50:33 : category with name: Default Category/Products/Control & Automation/Limit Switches/General Purpose/Non-directional Operating Rod Levers .... 0.38893s</span>
<span class="console-info">2020-07-23 06:50:34 : category with name: Default Category/Products/Control & Automation/Limit Switches/General Purpose/No Lever .... 0.4605s</span>
<span class="console-info">2020-07-23 06:50:34 : category with name: Default Category/Products/Control & Automation/Limit Switches/Explosion-Proof Switches/Standard Roller Levers .... 0.44794s</span>
<span class="console-info">2020-07-23 06:50:35 : category with name: Default Category/Products/Control & Automation/Limit Switches/Explosion-Proof Switches/Adjustable Roller Levers .... 0.43352s</span>
<span class="console-info">2020-07-23 06:50:35 : category with name: Default Category/Products/Control & Automation/Limit Switches/Explosion-Proof Switches/Bevel Levers .... 0.43009s</span>
<span class="console-info">2020-07-23 06:50:36 : category with name: Default Category/Products/Control & Automation/Limit Switches/Explosion-Proof Switches/Standard Plungers .... 0.47757s</span>
<span class="console-info">2020-07-23 06:50:36 : category with name: Default Category/Products/Control & Automation/Limit Switches/Explosion-Proof Switches/Roller Plungers .... 0.4551s</span>
<span class="console-info">2020-07-23 06:50:36 : category with name: Default Category/Products/Control & Automation/Limit Switches/Explosion-Proof Switches/Fork Lever Locks .... 0.4471s</span>
<span class="console-info">2020-07-23 06:50:37 : category with name: Default Category/Products/Control & Automation/Limit Switches/Explosion-Proof Switches/Non-directional Movement Levers .... 0.4604s</span>
<span class="console-info">2020-07-23 06:50:37 : category with name: Default Category/Products/Control & Automation/Limit Switches/Explosion-Proof Switches/No Lever .... 0.41963s</span>
<span class="console-info">2020-07-23 06:50:37 : Imported: 29 rows</span>
<span class="console-info">2020-07-23 06:50:37 : Updated: 1 rows</span>
<span class="console-debug">2020-07-23 06:50:37 : Checked rows: 30, checked entities: 30, invalid rows: 0, total errors: 0</span>
<span class="console-debug">2020-07-23 06:50:37 : The import was successful.</span>
<span class="console-info">2020-07-23 06:50:38 : Running REINDEX</span>
<span class="console-info">2020-07-23 06:50:38 : REINDEX Design Config Grid</span>
<span class="console-info">2020-07-23 06:50:38 : REINDEX Customer Grid</span>
<span class="console-info">2020-07-23 06:50:38 : REINDEX Category Products</span>
<span class="console-info">2020-07-23 06:50:38 : REINDEX Product Categories</span>
<span class="console-info">2020-07-23 06:50:38 : REINDEX Catalog Rule Product</span>
<span class="console-info">2020-07-23 06:50:38 : REINDEX Product EAV</span>
<span class="console-info">2020-07-23 06:50:38 : REINDEX Stock</span>
<span class="console-info">2020-07-23 06:50:39 : REINDEX Product Price</span>
<span class="console-info">2020-07-23 06:50:39 : REINDEX Catalog Product Rule</span>
<span class="console-info">2020-07-23 06:50:39 : REINDEX Amasty: Advanced Search  - Categories</span>
<span class="console-info">2020-07-23 06:50:39 : REINDEX Catalog Search</span>
<span class="console-info">2020-07-23 06:50:41 : REINDEX Aheadworks Blog</span>
<span class="console-info">2020-07-23 06:50:41 : REINDEX Amasty: ElasticSearch - Relevance Rules (Rules)</span>
<span class="console-info">2020-07-23 06:50:41 : REINDEX Amasty: ElasticSearch - Relevance Rules (Products)</span>
<span class="console-info">2020-07-23 06:50:41 : REINDEX Amasty: ElasticSearch - Popup Data</span>
<span class="console-info">2020-07-23 06:50:43 : REINDEX completed</span>
