<span class="console-info">2020-07-23 07:00:43 : Entity attribute</span>
<span class="console-info">2020-07-23 07:00:43 : Begin data validation</span>
<span class="console-info">2020-07-23 07:00:43 : Checked column 0</span>
<span class="console-info">2020-07-23 07:00:43 : Checked column 1</span>
<span class="console-info">2020-07-23 07:00:43 : Checked column 2</span>
<span class="console-info">2020-07-23 07:00:43 : Checked column 3</span>
<span class="console-info">2020-07-23 07:00:43 : Checked column 4</span>
<span class="console-info">2020-07-23 07:00:43 : Checked column 5</span>
<span class="console-info">2020-07-23 07:00:43 : Checked column 6</span>
<span class="console-info">2020-07-23 07:00:43 : Checked column 7</span>
<span class="console-info">2020-07-23 07:00:43 : Checked column 8</span>
<span class="console-info">2020-07-23 07:00:43 : Checked column 9</span>
<span class="console-info">2020-07-23 07:00:43 : Checked column 10</span>
<span class="console-info">2020-07-23 07:00:43 : Checked column 11</span>
<span class="console-info">2020-07-23 07:00:43 : Checked column 12</span>
<span class="console-info">2020-07-23 07:00:43 : Checked column 13</span>
<span class="console-info">2020-07-23 07:00:43 : Checked column 14</span>
<span class="console-info">2020-07-23 07:00:43 : Checked column 15</span>
<span class="console-info">2020-07-23 07:00:43 : Checked column 16</span>
<span class="console-info">2020-07-23 07:00:43 : Checked column 17</span>
<span class="console-info">2020-07-23 07:00:43 : Checked column 18</span>
<span class="console-info">2020-07-23 07:00:43 : Checked column 19</span>
<span class="console-info">2020-07-23 07:00:43 : Checked column 20</span>
<span class="console-info">2020-07-23 07:00:43 : Checked column 21</span>
<span class="console-info">2020-07-23 07:00:43 : Checked column 22</span>
<span class="console-info">2020-07-23 07:00:43 : Checked column 23</span>
<span class="console-info">2020-07-23 07:00:43 : Checked column 24</span>
<span class="console-info">2020-07-23 07:00:43 : Checked column 25</span>
<span class="console-info">2020-07-23 07:00:43 : Checked column 26</span>
<span class="console-info">2020-07-23 07:00:43 : Checked column 27</span>
<span class="console-info">2020-07-23 07:00:43 : Checked column 28</span>
<span class="console-info">2020-07-23 07:00:43 : Checked column 29</span>
<span class="console-info">2020-07-23 07:00:43 : Checked column 30</span>
<span class="console-info">2020-07-23 07:00:43 : Checked column 31</span>
<span class="console-info">2020-07-23 07:00:43 : Checked column 32</span>
<span class="console-info">2020-07-23 07:00:43 : Checked column 33</span>
<span class="console-info">2020-07-23 07:00:43 : Checked column 34</span>
<span class="console-info">2020-07-23 07:00:43 : Checked column 35</span>
<span class="console-info">2020-07-23 07:00:43 : Checked column 36</span>
<span class="console-info">2020-07-23 07:00:43 : Checked column 37</span>
<span class="console-info">2020-07-23 07:00:43 : Checked column 38</span>
<span class="console-info">2020-07-23 07:00:43 : Checked column 39</span>
<span class="console-info">2020-07-23 07:00:43 : Checked column 40</span>
<span class="console-info">2020-07-23 07:00:43 : Checked column 41</span>
<span class="console-info">2020-07-23 07:00:43 : Checked column 42</span>
<span class="console-info">2020-07-23 07:00:43 : Checked column 43</span>
<span class="console-info">2020-07-23 07:00:43 : Checked column 44</span>
<span class="console-info">2020-07-23 07:00:43 : Checked column 45</span>
<span class="console-info">2020-07-23 07:00:43 : Checked column 46</span>
<span class="console-info">2020-07-23 07:00:43 : Checked column 47</span>
<span class="console-info">2020-07-23 07:00:43 : Finish checking columns</span>
<span class="console-info">2020-07-23 07:00:43 : Errors count: 0</span>
<span class="console-info">2020-07-23 07:00:43 : Start saving bunches</span>
<span class="console-info">2020-07-23 07:00:43 : Finish saving bunches</span>
<span class="console-info">2020-07-23 07:00:43 : The validation is complete.</span>
<span class="console-info">2020-07-23 07:00:43 : Checked rows: 29, checked entities: 29, invalid rows: 0, total errors: 0</span>
<span class="console-info">2020-07-23 07:00:43 : Import data validation is complete.</span>
<span class="console-info">2020-07-23 07:00:45 : recorded attribute with code: fluid .... 0.00589s</span>
<span class="console-info">2020-07-23 07:00:45 : recorded attribute with code: fluid .... 0.00224s</span>
<span class="console-info">2020-07-23 07:00:45 : recorded attribute with code: fluid .... 0.00207s</span>
<span class="console-info">2020-07-23 07:00:45 : recorded attribute with code: displace .... 0.00293s</span>
<span class="console-info">2020-07-23 07:00:45 : recorded attribute with code: displace .... 0.00216s</span>
<span class="console-info">2020-07-23 07:00:45 : recorded attribute with code: displace .... 0.00208s</span>
<span class="console-info">2020-07-23 07:00:45 : recorded attribute with code: displace .... 0.00206s</span>
<span class="console-info">2020-07-23 07:00:45 : recorded attribute with code: displace .... 0.00249s</span>
<span class="console-info">2020-07-23 07:00:45 : recorded attribute with code: shaft_config .... 0.00284s</span>
<span class="console-info">2020-07-23 07:00:45 : recorded attribute with code: shaft_config .... 0.00197s</span>
<span class="console-info">2020-07-23 07:00:45 : recorded attribute with code: dev_port .... 0.00267s</span>
<span class="console-info">2020-07-23 07:00:45 : recorded attribute with code: dev_port .... 0.00196s</span>
<span class="console-info">2020-07-23 07:00:45 : recorded attribute with code: dev_port .... 0.00182s</span>
<span class="console-info">2020-07-23 07:00:45 : recorded attribute with code: dev_port .... 0.00185s</span>
<span class="console-info">2020-07-23 07:00:45 : recorded attribute with code: pump_mount .... 0.0025s</span>
<span class="console-info">2020-07-23 07:00:45 : recorded attribute with code: pump_mount .... 0.00189s</span>
<span class="console-info">2020-07-23 07:00:45 : recorded attribute with code: pump_mount .... 0.00183s</span>
<span class="console-info">2020-07-23 07:00:45 : recorded attribute with code: pump_mount .... 0.00184s</span>
<span class="console-info">2020-07-23 07:00:45 : recorded attribute with code: rotation .... 0.00256s</span>
<span class="console-info">2020-07-23 07:00:45 : recorded attribute with code: rotation .... 0.00187s</span>
<span class="console-info">2020-07-23 07:00:45 : recorded attribute with code: special .... 0.00254s</span>
<span class="console-info">2020-07-23 07:00:45 : recorded attribute with code: special .... 0.00187s</span>
<span class="console-info">2020-07-23 07:00:45 : recorded attribute with code: corrosion_resistant .... 0.0026s</span>
<span class="console-info">2020-07-23 07:00:45 : recorded attribute with code: corrosion_resistant .... 0.00189s</span>
<span class="console-info">2020-07-23 07:00:45 : recorded attribute with code: heat_resistant .... 0.00255s</span>
<span class="console-info">2020-07-23 07:00:45 : recorded attribute with code: heat_resistant .... 0.00188s</span>
<span class="console-info">2020-07-23 07:00:45 : recorded attribute with code: lamp_type .... 0.00253s</span>
<span class="console-info">2020-07-23 07:00:45 : recorded attribute with code: lamp_type .... 0.00185s</span>
<span class="console-info">2020-07-23 07:00:45 : recorded attribute with code: lamp_type .... 0.00179s</span>
<span class="console-debug">2020-07-23 07:00:45 : The import was successful.</span>
<span class="console-info">2020-07-23 07:00:46 : Running REINDEX</span>
<span class="console-info">2020-07-23 07:00:46 : REINDEX Design Config Grid</span>
<span class="console-info">2020-07-23 07:00:46 : REINDEX Customer Grid</span>
<span class="console-info">2020-07-23 07:00:46 : REINDEX Category Products</span>
<span class="console-info">2020-07-23 07:00:46 : REINDEX Product Categories</span>
<span class="console-info">2020-07-23 07:00:46 : REINDEX Catalog Rule Product</span>
<span class="console-info">2020-07-23 07:00:46 : REINDEX Product EAV</span>
<span class="console-info">2020-07-23 07:00:46 : REINDEX Stock</span>
<span class="console-info">2020-07-23 07:00:46 : REINDEX Product Price</span>
<span class="console-info">2020-07-23 07:00:46 : REINDEX Catalog Product Rule</span>
<span class="console-info">2020-07-23 07:00:46 : REINDEX Amasty: Advanced Search  - Categories</span>
<span class="console-info">2020-07-23 07:00:47 : REINDEX Catalog Search</span>
<span class="console-info">2020-07-23 07:00:47 : REINDEX Aheadworks Blog</span>
<span class="console-info">2020-07-23 07:00:47 : REINDEX Amasty: ElasticSearch - Relevance Rules (Rules)</span>
<span class="console-info">2020-07-23 07:00:47 : REINDEX Amasty: ElasticSearch - Relevance Rules (Products)</span>
<span class="console-info">2020-07-23 07:00:47 : REINDEX Amasty: ElasticSearch - Popup Data</span>
<span class="console-info">2020-07-23 07:00:48 : REINDEX completed</span>
