<span class="console-info">2020-07-23 07:05:19 : Entity products</span>
<span class="console-info">2020-07-23 07:05:20 : Begin data validation</span>
<span class="console-info">2020-07-23 07:05:20 : Checked column 0</span>
<span class="console-info">2020-07-23 07:05:20 : Checked column 1</span>
<span class="console-info">2020-07-23 07:05:20 : Checked column 2</span>
<span class="console-info">2020-07-23 07:05:20 : Checked column 3</span>
<span class="console-info">2020-07-23 07:05:20 : Checked column 4</span>
<span class="console-info">2020-07-23 07:05:20 : Checked column 5</span>
<span class="console-info">2020-07-23 07:05:20 : Checked column 6</span>
<span class="console-info">2020-07-23 07:05:20 : Checked column 7</span>
<span class="console-info">2020-07-23 07:05:20 : Checked column 8</span>
<span class="console-info">2020-07-23 07:05:20 : Checked column 9</span>
<span class="console-info">2020-07-23 07:05:20 : Checked column 10</span>
<span class="console-info">2020-07-23 07:05:20 : Checked column 11</span>
<span class="console-info">2020-07-23 07:05:20 : Checked column 12</span>
<span class="console-info">2020-07-23 07:05:20 : Checked column 13</span>
<span class="console-info">2020-07-23 07:05:20 : Checked column 14</span>
<span class="console-info">2020-07-23 07:05:20 : Checked column 15</span>
<span class="console-info">2020-07-23 07:05:20 : Checked column 16</span>
<span class="console-info">2020-07-23 07:05:20 : Checked column 17</span>
<span class="console-info">2020-07-23 07:05:20 : Checked column 18</span>
<span class="console-info">2020-07-23 07:05:20 : Checked column 19</span>
<span class="console-info">2020-07-23 07:05:20 : Checked column 20</span>
<span class="console-info">2020-07-23 07:05:20 : Checked column 21</span>
<span class="console-info">2020-07-23 07:05:20 : Checked column 22</span>
<span class="console-info">2020-07-23 07:05:20 : Checked column 23</span>
<span class="console-info">2020-07-23 07:05:20 : Checked column 24</span>
<span class="console-info">2020-07-23 07:05:20 : Checked column 25</span>
<span class="console-info">2020-07-23 07:05:20 : Checked column 26</span>
<span class="console-info">2020-07-23 07:05:20 : Checked column 27</span>
<span class="console-info">2020-07-23 07:05:20 : Checked column 28</span>
<span class="console-info">2020-07-23 07:05:20 : Checked column 29</span>
<span class="console-info">2020-07-23 07:05:20 : Checked column 30</span>
<span class="console-info">2020-07-23 07:05:20 : Checked column 31</span>
<span class="console-info">2020-07-23 07:05:20 : Checked column 32</span>
<span class="console-info">2020-07-23 07:05:20 : Checked column 33</span>
<span class="console-info">2020-07-23 07:05:20 : Checked column 34</span>
<span class="console-info">2020-07-23 07:05:20 : Checked column 35</span>
<span class="console-info">2020-07-23 07:05:20 : Checked column 36</span>
<span class="console-info">2020-07-23 07:05:20 : Checked column 37</span>
<span class="console-info">2020-07-23 07:05:20 : Checked column 38</span>
<span class="console-info">2020-07-23 07:05:20 : Checked column 39</span>
<span class="console-info">2020-07-23 07:05:20 : Checked column 40</span>
<span class="console-info">2020-07-23 07:05:20 : Checked column 41</span>
<span class="console-info">2020-07-23 07:05:20 : Checked column 42</span>
<span class="console-info">2020-07-23 07:05:20 : Checked column 43</span>
<span class="console-info">2020-07-23 07:05:20 : Checked column 44</span>
<span class="console-info">2020-07-23 07:05:20 : Checked column 45</span>
<span class="console-info">2020-07-23 07:05:20 : Checked column 46</span>
<span class="console-info">2020-07-23 07:05:20 : Checked column 47</span>
<span class="console-info">2020-07-23 07:05:20 : Checked column 48</span>
<span class="console-info">2020-07-23 07:05:20 : Checked column 49</span>
<span class="console-info">2020-07-23 07:05:20 : Checked column 50</span>
<span class="console-info">2020-07-23 07:05:20 : Checked column 51</span>
<span class="console-info">2020-07-23 07:05:20 : Checked column 52</span>
<span class="console-info">2020-07-23 07:05:20 : Checked column 53</span>
<span class="console-info">2020-07-23 07:05:20 : Checked column 54</span>
<span class="console-info">2020-07-23 07:05:20 : Checked column 55</span>
<span class="console-info">2020-07-23 07:05:20 : Checked column 56</span>
<span class="console-info">2020-07-23 07:05:20 : Checked column 57</span>
<span class="console-info">2020-07-23 07:05:20 : Checked column 58</span>
<span class="console-info">2020-07-23 07:05:20 : Checked column 59</span>
<span class="console-info">2020-07-23 07:05:20 : Checked column 60</span>
<span class="console-info">2020-07-23 07:05:20 : Checked column 61</span>
<span class="console-info">2020-07-23 07:05:20 : Checked column 62</span>
<span class="console-info">2020-07-23 07:05:20 : Checked column 63</span>
<span class="console-info">2020-07-23 07:05:20 : Checked column 64</span>
<span class="console-info">2020-07-23 07:05:20 : Checked column 65</span>
<span class="console-info">2020-07-23 07:05:20 : Checked column 66</span>
<span class="console-info">2020-07-23 07:05:20 : Checked column 67</span>
<span class="console-info">2020-07-23 07:05:20 : Checked column 68</span>
<span class="console-info">2020-07-23 07:05:20 : Checked column 69</span>
<span class="console-info">2020-07-23 07:05:20 : Checked column 70</span>
<span class="console-info">2020-07-23 07:05:20 : Checked column 71</span>
<span class="console-info">2020-07-23 07:05:20 : Checked column 72</span>
<span class="console-info">2020-07-23 07:05:20 : Checked column 73</span>
<span class="console-info">2020-07-23 07:05:20 : Checked column 74</span>
<span class="console-info">2020-07-23 07:05:20 : Checked column 75</span>
<span class="console-info">2020-07-23 07:05:20 : Checked column 76</span>
<span class="console-info">2020-07-23 07:05:20 : Checked column 77</span>
<span class="console-info">2020-07-23 07:05:20 : Checked column 78</span>
<span class="console-info">2020-07-23 07:05:20 : Checked column 79</span>
<span class="console-info">2020-07-23 07:05:20 : Checked column 80</span>
<span class="console-info">2020-07-23 07:05:20 : Checked column 81</span>
<span class="console-info">2020-07-23 07:05:20 : Checked column 82</span>
<span class="console-info">2020-07-23 07:05:20 : Checked column 83</span>
<span class="console-info">2020-07-23 07:05:20 : Checked column 84</span>
<span class="console-info">2020-07-23 07:05:20 : Checked column 85</span>
<span class="console-info">2020-07-23 07:05:20 : Checked column 86</span>
<span class="console-info">2020-07-23 07:05:20 : Checked column 87</span>
<span class="console-info">2020-07-23 07:05:20 : Checked column 88</span>
<span class="console-info">2020-07-23 07:05:20 : Finish checking columns</span>
<span class="console-info">2020-07-23 07:05:20 : Errors count: 0</span>
<span class="console-info">2020-07-23 07:05:20 : Start saving bunches</span>
<span class="console-info">2020-07-23 07:05:20 : Finish saving bunches</span>
<span class="console-info">2020-07-23 07:05:20 : The validation is complete.</span>
<span class="console-info">2020-07-23 07:05:20 : Checked rows: 10, checked entities: 10, invalid rows: 10, total errors: 10</span>
<span class="console-error">2020-07-23 07:05:20 : Please make sure attribute "is_featured" is not empty. in rows: 1, 2, 3, 4, 5, 6, 7, 8, 9, 10</span>
<span class="console-error">2020-07-23 07:05:20 : Too many errors. Please check your debug log file.<br /></span>
<span class="console-info">2020-07-23 07:05:20 : Jul 23, 2020, 7:05:20 AM</span>
<span class="console-debug">2020-07-23 07:05:20 : Data validation is failed. Please fix errors and re-upload the file..</span>
