<span class="console-info">2020-08-30 00:16:05 : Entity attribute</span>
<span class="console-info">2020-08-30 00:16:07 : Begin data validation</span>
<span class="console-info">2020-08-30 00:16:07 : Checked column 0</span>
<span class="console-info">2020-08-30 00:16:07 : Checked column 1</span>
<span class="console-info">2020-08-30 00:16:07 : Checked column 2</span>
<span class="console-info">2020-08-30 00:16:07 : Checked column 3</span>
<span class="console-info">2020-08-30 00:16:07 : Checked column 4</span>
<span class="console-info">2020-08-30 00:16:07 : Checked column 5</span>
<span class="console-info">2020-08-30 00:16:07 : Checked column 6</span>
<span class="console-info">2020-08-30 00:16:07 : Checked column 7</span>
<span class="console-info">2020-08-30 00:16:07 : Checked column 8</span>
<span class="console-info">2020-08-30 00:16:07 : Checked column 9</span>
<span class="console-info">2020-08-30 00:16:07 : Checked column 10</span>
<span class="console-info">2020-08-30 00:16:07 : Checked column 11</span>
<span class="console-info">2020-08-30 00:16:07 : Checked column 12</span>
<span class="console-info">2020-08-30 00:16:07 : Checked column 13</span>
<span class="console-info">2020-08-30 00:16:07 : Checked column 14</span>
<span class="console-info">2020-08-30 00:16:07 : Checked column 15</span>
<span class="console-info">2020-08-30 00:16:07 : Checked column 16</span>
<span class="console-info">2020-08-30 00:16:07 : Checked column 17</span>
<span class="console-info">2020-08-30 00:16:07 : Checked column 18</span>
<span class="console-info">2020-08-30 00:16:07 : Checked column 19</span>
<span class="console-info">2020-08-30 00:16:07 : Checked column 20</span>
<span class="console-info">2020-08-30 00:16:07 : Checked column 21</span>
<span class="console-info">2020-08-30 00:16:07 : Checked column 22</span>
<span class="console-info">2020-08-30 00:16:07 : Checked column 23</span>
<span class="console-info">2020-08-30 00:16:07 : Checked column 24</span>
<span class="console-info">2020-08-30 00:16:07 : Checked column 25</span>
<span class="console-info">2020-08-30 00:16:07 : Checked column 26</span>
<span class="console-info">2020-08-30 00:16:07 : Checked column 27</span>
<span class="console-info">2020-08-30 00:16:07 : Checked column 28</span>
<span class="console-info">2020-08-30 00:16:07 : Checked column 29</span>
<span class="console-info">2020-08-30 00:16:07 : Checked column 30</span>
<span class="console-info">2020-08-30 00:16:07 : Checked column 31</span>
<span class="console-info">2020-08-30 00:16:07 : Checked column 32</span>
<span class="console-info">2020-08-30 00:16:07 : Checked column 33</span>
<span class="console-info">2020-08-30 00:16:07 : Checked column 34</span>
<span class="console-info">2020-08-30 00:16:07 : Checked column 35</span>
<span class="console-info">2020-08-30 00:16:07 : Checked column 36</span>
<span class="console-info">2020-08-30 00:16:07 : Checked column 37</span>
<span class="console-info">2020-08-30 00:16:07 : Checked column 38</span>
<span class="console-info">2020-08-30 00:16:07 : Checked column 39</span>
<span class="console-info">2020-08-30 00:16:07 : Checked column 40</span>
<span class="console-info">2020-08-30 00:16:07 : Checked column 41</span>
<span class="console-info">2020-08-30 00:16:07 : Checked column 42</span>
<span class="console-info">2020-08-30 00:16:07 : Checked column 43</span>
<span class="console-info">2020-08-30 00:16:07 : Checked column 44</span>
<span class="console-info">2020-08-30 00:16:07 : Checked column 45</span>
<span class="console-info">2020-08-30 00:16:07 : Checked column 46</span>
<span class="console-info">2020-08-30 00:16:07 : Checked column 47</span>
<span class="console-info">2020-08-30 00:16:07 : Finish checking columns</span>
<span class="console-info">2020-08-30 00:16:07 : Errors count: 0</span>
<span class="console-info">2020-08-30 00:16:07 : Start saving bunches</span>
<span class="console-info">2020-08-30 00:16:07 : Finish saving bunches</span>
<span class="console-info">2020-08-30 00:16:07 : The validation is complete.</span>
<span class="console-info">2020-08-30 00:16:07 : Checked rows: 29, checked entities: 29, invalid rows: 0, total errors: 0</span>
<span class="console-info">2020-08-30 00:16:07 : Import data validation is complete.</span>
<span class="console-info">2020-08-30 00:16:07 : sending email</span>
<span class="console-info">2020-08-30 00:16:09 : recorded attribute with code: hydraulic_fluid .... 0.00813s</span>
<span class="console-info">2020-08-30 00:16:09 : recorded attribute with code: hydraulic_fluid .... 0.00288s</span>
<span class="console-info">2020-08-30 00:16:09 : recorded attribute with code: shaft_end_displace .... 0.00308s</span>
<span class="console-info">2020-08-30 00:16:09 : recorded attribute with code: shaft_end_displace .... 0.0025s</span>
<span class="console-info">2020-08-30 00:16:09 : recorded attribute with code: shaft_end_displace .... 0.0023s</span>
<span class="console-info">2020-08-30 00:16:09 : recorded attribute with code: shaft_end_displace .... 0.0022s</span>
<span class="console-info">2020-08-30 00:16:09 : recorded attribute with code: mid_pump_displace .... 0.00303s</span>
<span class="console-info">2020-08-30 00:16:09 : recorded attribute with code: mid_pump_displace .... 0.00253s</span>
<span class="console-info">2020-08-30 00:16:09 : recorded attribute with code: mid_pump_displace .... 0.00231s</span>
<span class="console-info">2020-08-30 00:16:09 : recorded attribute with code: mid_pump_displace .... 0.00215s</span>
<span class="console-info">2020-08-30 00:16:09 : recorded attribute with code: mid_pump_displace .... 0.00219s</span>
<span class="console-info">2020-08-30 00:16:09 : recorded attribute with code: cover_end_displace .... 0.00295s</span>
<span class="console-info">2020-08-30 00:16:09 : recorded attribute with code: cover_end_displace .... 0.00317s</span>
<span class="console-info">2020-08-30 00:16:09 : recorded attribute with code: cover_end_displace .... 0.00238s</span>
<span class="console-info">2020-08-30 00:16:09 : recorded attribute with code: cover_end_displace .... 0.00201s</span>
<span class="console-info">2020-08-30 00:16:09 : recorded attribute with code: cover_end_displace .... 0.00203s</span>
<span class="console-info">2020-08-30 00:16:09 : recorded attribute with code: cover_end_displace .... 0.00204s</span>
<span class="console-info">2020-08-30 00:16:09 : recorded attribute with code: shaft_port .... 0.00288s</span>
<span class="console-info">2020-08-30 00:16:09 : recorded attribute with code: shaft_port .... 0.00222s</span>
<span class="console-info">2020-08-30 00:16:09 : recorded attribute with code: shaft_port .... 0.00207s</span>
<span class="console-info">2020-08-30 00:16:09 : recorded attribute with code: mid_port .... 0.00271s</span>
<span class="console-info">2020-08-30 00:16:09 : recorded attribute with code: mid_port .... 0.00219s</span>
<span class="console-info">2020-08-30 00:16:09 : recorded attribute with code: mid_port .... 0.00203s</span>
<span class="console-info">2020-08-30 00:16:09 : recorded attribute with code: cover_port .... 0.00275s</span>
<span class="console-info">2020-08-30 00:16:09 : recorded attribute with code: cover_port .... 0.00222s</span>
<span class="console-info">2020-08-30 00:16:09 : recorded attribute with code: cover_port .... 0.00203s</span>
<span class="console-info">2020-08-30 00:16:09 : recorded attribute with code: pump_mounting .... 0.00274s</span>
<span class="console-info">2020-08-30 00:16:09 : recorded attribute with code: pump_mounting .... 0.00222s</span>
<span class="console-info">2020-08-30 00:16:09 : recorded attribute with code: pump_mounting .... 0.00206s</span>
<span class="console-debug">2020-08-30 00:16:09 : The import was successful.</span>
<span class="console-info">2020-08-30 00:16:09 : Running REINDEX</span>
<span class="console-info">2020-08-30 00:16:09 : REINDEX Design Config Grid</span>
<span class="console-info">2020-08-30 00:16:10 : REINDEX Customer Grid</span>
<span class="console-info">2020-08-30 00:16:10 : REINDEX Category Products</span>
<span class="console-info">2020-08-30 00:16:10 : REINDEX Product Categories</span>
<span class="console-info">2020-08-30 00:16:10 : REINDEX Catalog Rule Product</span>
<span class="console-info">2020-08-30 00:16:10 : REINDEX Product EAV</span>
<span class="console-info">2020-08-30 00:16:10 : REINDEX Stock</span>
<span class="console-info">2020-08-30 00:16:10 : REINDEX Inventory</span>
<span class="console-info">2020-08-30 00:16:10 : REINDEX Catalog Product Rule</span>
<span class="console-info">2020-08-30 00:16:10 : REINDEX Product Price</span>
<span class="console-info">2020-08-30 00:16:10 : REINDEX Google Product Removal Feed</span>
<span class="console-info">2020-08-30 00:16:10 : REINDEX Google Product Feed</span>
<span class="console-info">2020-08-30 00:16:10 : REINDEX Amasty: Advanced Search  - Categories</span>
<span class="console-info">2020-08-30 00:16:10 : REINDEX Catalog Search</span>
<span class="console-info">2020-08-30 00:16:11 : REINDEX Aheadworks Blog</span>
<span class="console-info">2020-08-30 00:16:11 : REINDEX Amasty: ElasticSearch - Relevance Rules (Rules)</span>
<span class="console-info">2020-08-30 00:16:11 : REINDEX Amasty: ElasticSearch - Relevance Rules (Products)</span>
<span class="console-info">2020-08-30 00:16:12 : REINDEX Amasty: ElasticSearch - Popup Data</span>
<span class="console-info">2020-08-30 00:16:13 : REINDEX completed</span>
