<span class="console-info">2020-08-30 00:06:19 : Entity attribute</span>
<span class="console-info">2020-08-30 00:06:20 : Begin data validation</span>
<span class="console-info">2020-08-30 00:06:20 : Checked column 0</span>
<span class="console-info">2020-08-30 00:06:20 : Checked column 1</span>
<span class="console-info">2020-08-30 00:06:20 : Checked column 2</span>
<span class="console-info">2020-08-30 00:06:20 : Checked column 3</span>
<span class="console-info">2020-08-30 00:06:20 : Checked column 4</span>
<span class="console-info">2020-08-30 00:06:20 : Checked column 5</span>
<span class="console-info">2020-08-30 00:06:20 : Checked column 6</span>
<span class="console-info">2020-08-30 00:06:20 : Checked column 7</span>
<span class="console-info">2020-08-30 00:06:20 : Checked column 8</span>
<span class="console-info">2020-08-30 00:06:20 : Checked column 9</span>
<span class="console-info">2020-08-30 00:06:20 : Checked column 10</span>
<span class="console-info">2020-08-30 00:06:20 : Checked column 11</span>
<span class="console-info">2020-08-30 00:06:20 : Checked column 12</span>
<span class="console-info">2020-08-30 00:06:20 : Checked column 13</span>
<span class="console-info">2020-08-30 00:06:20 : Checked column 14</span>
<span class="console-info">2020-08-30 00:06:20 : Checked column 15</span>
<span class="console-info">2020-08-30 00:06:20 : Checked column 16</span>
<span class="console-info">2020-08-30 00:06:20 : Checked column 17</span>
<span class="console-info">2020-08-30 00:06:20 : Checked column 18</span>
<span class="console-info">2020-08-30 00:06:20 : Checked column 19</span>
<span class="console-info">2020-08-30 00:06:20 : Checked column 20</span>
<span class="console-info">2020-08-30 00:06:20 : Checked column 21</span>
<span class="console-info">2020-08-30 00:06:20 : Checked column 22</span>
<span class="console-info">2020-08-30 00:06:20 : Checked column 23</span>
<span class="console-info">2020-08-30 00:06:20 : Checked column 24</span>
<span class="console-info">2020-08-30 00:06:20 : Checked column 25</span>
<span class="console-info">2020-08-30 00:06:20 : Checked column 26</span>
<span class="console-info">2020-08-30 00:06:20 : Checked column 27</span>
<span class="console-info">2020-08-30 00:06:20 : Checked column 28</span>
<span class="console-info">2020-08-30 00:06:20 : Checked column 29</span>
<span class="console-info">2020-08-30 00:06:20 : Checked column 30</span>
<span class="console-info">2020-08-30 00:06:20 : Checked column 31</span>
<span class="console-info">2020-08-30 00:06:20 : Checked column 32</span>
<span class="console-info">2020-08-30 00:06:20 : Checked column 33</span>
<span class="console-info">2020-08-30 00:06:20 : Checked column 34</span>
<span class="console-info">2020-08-30 00:06:20 : Checked column 35</span>
<span class="console-info">2020-08-30 00:06:20 : Checked column 36</span>
<span class="console-info">2020-08-30 00:06:20 : Checked column 37</span>
<span class="console-info">2020-08-30 00:06:20 : Checked column 38</span>
<span class="console-info">2020-08-30 00:06:20 : Checked column 39</span>
<span class="console-info">2020-08-30 00:06:20 : Checked column 40</span>
<span class="console-info">2020-08-30 00:06:20 : Checked column 41</span>
<span class="console-info">2020-08-30 00:06:20 : Checked column 42</span>
<span class="console-info">2020-08-30 00:06:20 : Checked column 43</span>
<span class="console-info">2020-08-30 00:06:20 : Checked column 44</span>
<span class="console-info">2020-08-30 00:06:20 : Checked column 45</span>
<span class="console-info">2020-08-30 00:06:20 : Checked column 46</span>
<span class="console-info">2020-08-30 00:06:20 : Checked column 47</span>
<span class="console-info">2020-08-30 00:06:20 : Finish checking columns</span>
<span class="console-info">2020-08-30 00:06:20 : Errors count: 0</span>
<span class="console-info">2020-08-30 00:06:20 : Start saving bunches</span>
<span class="console-info">2020-08-30 00:06:20 : Finish saving bunches</span>
<span class="console-info">2020-08-30 00:06:20 : The validation is complete.</span>
<span class="console-info">2020-08-30 00:06:20 : Checked rows: 29, checked entities: 29, invalid rows: 1, total errors: 1</span>
<span class="console-error">2020-08-30 00:06:20 : Import job #17 failed.</span>
<span class="console-error">2020-08-30 00:06:20 : you can not change the is_user_defined field for the system attribute pump_mount. in rows: 27</span>
<span class="console-info">2020-08-30 00:06:20 : Aug 30, 2020, 12:06:20 AM</span>
<span class="console-debug">2020-08-30 00:06:20 : Data validation is failed. Please fix errors and re-upload the file..</span>
<span class="console-info">2020-08-30 00:06:21 : sending email</span>
