<span class="console-info">2020-09-05 03:44:53 : Entity products</span>
<span class="console-info">2020-09-05 03:44:56 : Begin data validation</span>
<span class="console-info">2020-09-05 03:44:56 : Checked column 0</span>
<span class="console-info">2020-09-05 03:44:56 : Checked column 1</span>
<span class="console-info">2020-09-05 03:44:56 : Checked column 2</span>
<span class="console-info">2020-09-05 03:44:56 : Checked column 3</span>
<span class="console-info">2020-09-05 03:44:56 : Checked column 4</span>
<span class="console-info">2020-09-05 03:44:56 : Checked column 5</span>
<span class="console-info">2020-09-05 03:44:56 : Checked column 6</span>
<span class="console-info">2020-09-05 03:44:56 : Checked column 7</span>
<span class="console-info">2020-09-05 03:44:56 : Checked column 8</span>
<span class="console-info">2020-09-05 03:44:56 : Checked column 9</span>
<span class="console-info">2020-09-05 03:44:56 : Checked column 10</span>
<span class="console-info">2020-09-05 03:44:56 : Checked column 11</span>
<span class="console-info">2020-09-05 03:44:56 : Checked column 12</span>
<span class="console-info">2020-09-05 03:44:56 : Checked column 13</span>
<span class="console-info">2020-09-05 03:44:56 : Checked column 14</span>
<span class="console-info">2020-09-05 03:44:56 : Checked column 15</span>
<span class="console-info">2020-09-05 03:44:56 : Checked column 16</span>
<span class="console-info">2020-09-05 03:44:56 : Checked column 17</span>
<span class="console-info">2020-09-05 03:44:56 : Checked column 18</span>
<span class="console-info">2020-09-05 03:44:56 : Checked column 19</span>
<span class="console-info">2020-09-05 03:44:56 : Checked column 20</span>
<span class="console-info">2020-09-05 03:44:56 : Checked column 21</span>
<span class="console-info">2020-09-05 03:44:56 : Checked column 22</span>
<span class="console-info">2020-09-05 03:44:56 : Checked column 23</span>
<span class="console-info">2020-09-05 03:44:56 : Checked column 24</span>
<span class="console-info">2020-09-05 03:44:56 : Checked column 25</span>
<span class="console-info">2020-09-05 03:44:56 : Checked column 26</span>
<span class="console-info">2020-09-05 03:44:56 : Checked column 27</span>
<span class="console-info">2020-09-05 03:44:56 : Checked column 28</span>
<span class="console-info">2020-09-05 03:44:56 : Checked column 29</span>
<span class="console-info">2020-09-05 03:44:56 : Checked column 30</span>
<span class="console-info">2020-09-05 03:44:56 : Checked column 31</span>
<span class="console-info">2020-09-05 03:44:56 : Checked column 32</span>
<span class="console-info">2020-09-05 03:44:56 : Checked column 33</span>
<span class="console-info">2020-09-05 03:44:56 : Checked column 34</span>
<span class="console-info">2020-09-05 03:44:56 : Checked column 35</span>
<span class="console-info">2020-09-05 03:44:56 : Checked column 36</span>
<span class="console-info">2020-09-05 03:44:56 : Checked column 37</span>
<span class="console-info">2020-09-05 03:44:56 : Checked column 38</span>
<span class="console-info">2020-09-05 03:44:56 : Checked column 39</span>
<span class="console-info">2020-09-05 03:44:56 : Checked column 40</span>
<span class="console-info">2020-09-05 03:44:56 : Checked column 41</span>
<span class="console-info">2020-09-05 03:44:56 : Checked column 42</span>
<span class="console-info">2020-09-05 03:44:56 : Checked column 43</span>
<span class="console-info">2020-09-05 03:44:56 : Checked column 44</span>
<span class="console-info">2020-09-05 03:44:56 : Checked column 45</span>
<span class="console-info">2020-09-05 03:44:56 : Checked column 46</span>
<span class="console-info">2020-09-05 03:44:56 : Checked column 47</span>
<span class="console-info">2020-09-05 03:44:56 : Checked column 48</span>
<span class="console-info">2020-09-05 03:44:56 : Checked column 49</span>
<span class="console-info">2020-09-05 03:44:56 : Checked column 50</span>
<span class="console-info">2020-09-05 03:44:56 : Checked column 51</span>
<span class="console-info">2020-09-05 03:44:56 : Checked column 52</span>
<span class="console-info">2020-09-05 03:44:56 : Checked column 53</span>
<span class="console-info">2020-09-05 03:44:56 : Checked column 54</span>
<span class="console-info">2020-09-05 03:44:56 : Checked column 55</span>
<span class="console-info">2020-09-05 03:44:56 : Checked column 56</span>
<span class="console-info">2020-09-05 03:44:56 : Checked column 57</span>
<span class="console-info">2020-09-05 03:44:56 : Checked column 58</span>
<span class="console-info">2020-09-05 03:44:56 : Checked column 59</span>
<span class="console-info">2020-09-05 03:44:56 : Checked column 60</span>
<span class="console-info">2020-09-05 03:44:56 : Checked column 61</span>
<span class="console-info">2020-09-05 03:44:56 : Checked column 62</span>
<span class="console-info">2020-09-05 03:44:56 : Checked column 63</span>
<span class="console-info">2020-09-05 03:44:56 : Checked column 64</span>
<span class="console-info">2020-09-05 03:44:56 : Checked column 65</span>
<span class="console-info">2020-09-05 03:44:56 : Checked column 66</span>
<span class="console-info">2020-09-05 03:44:56 : Checked column 67</span>
<span class="console-info">2020-09-05 03:44:56 : Checked column 68</span>
<span class="console-info">2020-09-05 03:44:56 : Checked column 69</span>
<span class="console-info">2020-09-05 03:44:56 : Checked column 70</span>
<span class="console-info">2020-09-05 03:44:56 : Checked column 71</span>
<span class="console-info">2020-09-05 03:44:56 : Checked column 72</span>
<span class="console-info">2020-09-05 03:44:56 : Checked column 73</span>
<span class="console-info">2020-09-05 03:44:56 : Checked column 74</span>
<span class="console-info">2020-09-05 03:44:56 : Checked column 75</span>
<span class="console-info">2020-09-05 03:44:56 : Checked column 76</span>
<span class="console-info">2020-09-05 03:44:56 : Checked column 77</span>
<span class="console-info">2020-09-05 03:44:56 : Checked column 78</span>
<span class="console-info">2020-09-05 03:44:56 : Checked column 79</span>
<span class="console-info">2020-09-05 03:44:56 : Checked column 80</span>
<span class="console-info">2020-09-05 03:44:56 : Checked column 81</span>
<span class="console-info">2020-09-05 03:44:56 : Checked column 82</span>
<span class="console-info">2020-09-05 03:44:56 : Checked column 83</span>
<span class="console-info">2020-09-05 03:44:56 : Checked column 84</span>
<span class="console-info">2020-09-05 03:44:56 : Checked column 85</span>
<span class="console-info">2020-09-05 03:44:56 : Checked column 86</span>
<span class="console-info">2020-09-05 03:44:56 : Checked column 87</span>
<span class="console-info">2020-09-05 03:44:56 : Checked column 88</span>
<span class="console-info">2020-09-05 03:44:56 : Finish checking columns</span>
<span class="console-info">2020-09-05 03:44:56 : Errors count: 0</span>
<span class="console-info">2020-09-05 03:44:56 : Start saving bunches</span>
<span class="console-warning">2020-09-05 03:44:56 : Not all products can be attached to a configurable product with sku = 'SQP311',
                        since attribute '' is missing in attribute set 'Triple_Vane_Pumps'.</span>
<span class="console-info">2020-09-05 03:44:56 : Saving Validated Bunches</span>
<span class="console-info">2020-09-05 03:44:56 : Finish saving bunches</span>
<span class="console-info">2020-09-05 03:44:56 : The validation is complete.</span>
<span class="console-info">2020-09-05 03:44:56 : Checked rows: 9, checked entities: 9, invalid rows: 0, total errors: 0</span>
<span class="console-info">2020-09-05 03:44:56 : Import data validation is complete.</span>
<span class="console-info">2020-09-05 03:44:59 : product with sku: SQP311 .... 1.45076s</span>
<span class="console-info">2020-09-05 03:44:59 : product with sku: 48267301 .... 0.01361s</span>
<span class="console-info">2020-09-05 03:44:59 : product with sku: 48257459 .... 0.00568s</span>
<span class="console-info">2020-09-05 03:44:59 : product with sku: 48244053 .... 0.00508s</span>
<span class="console-info">2020-09-05 03:44:59 : product with sku: 48261974 .... 0.00571s</span>
<span class="console-info">2020-09-05 03:44:59 : product with sku: 48307745 .... 0.0051s</span>
<span class="console-info">2020-09-05 03:44:59 : product with sku: 48346405 .... 0.00512s</span>
<span class="console-info">2020-09-05 03:44:59 : product with sku: 48264894 .... 0.0051s</span>
<span class="console-info">2020-09-05 03:45:00 : product with sku: 48243949 .... 0.00673s</span>
<span class="console-info">2020-09-05 03:45:00 : Imported: 9 rows</span>
<span class="console-info">2020-09-05 03:45:00 : Updated: 0 rows</span>
<span class="console-debug">2020-09-05 03:45:00 : The import was successful.</span>
