<span class="console-info">2021-02-04 02:29:06 : Entity attribute</span>
<span class="console-info">2021-02-04 02:29:06 : Begin data validation</span>
<span class="console-info">2021-02-04 02:29:06 : Checked column 0</span>
<span class="console-info">2021-02-04 02:29:06 : Checked column 1</span>
<span class="console-info">2021-02-04 02:29:06 : Checked column 2</span>
<span class="console-info">2021-02-04 02:29:06 : Checked column 3</span>
<span class="console-info">2021-02-04 02:29:06 : Checked column 4</span>
<span class="console-info">2021-02-04 02:29:06 : Checked column 5</span>
<span class="console-info">2021-02-04 02:29:06 : Checked column 6</span>
<span class="console-info">2021-02-04 02:29:06 : Checked column 7</span>
<span class="console-info">2021-02-04 02:29:06 : Checked column 8</span>
<span class="console-info">2021-02-04 02:29:06 : Checked column 9</span>
<span class="console-info">2021-02-04 02:29:06 : Checked column 10</span>
<span class="console-info">2021-02-04 02:29:06 : Checked column 11</span>
<span class="console-info">2021-02-04 02:29:06 : Checked column 12</span>
<span class="console-info">2021-02-04 02:29:06 : Checked column 13</span>
<span class="console-info">2021-02-04 02:29:06 : Checked column 14</span>
<span class="console-info">2021-02-04 02:29:06 : Checked column 15</span>
<span class="console-info">2021-02-04 02:29:06 : Checked column 16</span>
<span class="console-info">2021-02-04 02:29:06 : Checked column 17</span>
<span class="console-info">2021-02-04 02:29:06 : Checked column 18</span>
<span class="console-info">2021-02-04 02:29:06 : Checked column 19</span>
<span class="console-info">2021-02-04 02:29:06 : Checked column 20</span>
<span class="console-info">2021-02-04 02:29:06 : Checked column 21</span>
<span class="console-info">2021-02-04 02:29:06 : Checked column 22</span>
<span class="console-info">2021-02-04 02:29:06 : Checked column 23</span>
<span class="console-info">2021-02-04 02:29:06 : Checked column 24</span>
<span class="console-info">2021-02-04 02:29:06 : Checked column 25</span>
<span class="console-info">2021-02-04 02:29:06 : Checked column 26</span>
<span class="console-info">2021-02-04 02:29:06 : Checked column 27</span>
<span class="console-info">2021-02-04 02:29:06 : Checked column 28</span>
<span class="console-info">2021-02-04 02:29:06 : Checked column 29</span>
<span class="console-info">2021-02-04 02:29:06 : Checked column 30</span>
<span class="console-info">2021-02-04 02:29:06 : Checked column 31</span>
<span class="console-info">2021-02-04 02:29:06 : Checked column 32</span>
<span class="console-info">2021-02-04 02:29:06 : Checked column 33</span>
<span class="console-info">2021-02-04 02:29:06 : Checked column 34</span>
<span class="console-info">2021-02-04 02:29:06 : Checked column 35</span>
<span class="console-info">2021-02-04 02:29:06 : Checked column 36</span>
<span class="console-info">2021-02-04 02:29:06 : Checked column 37</span>
<span class="console-info">2021-02-04 02:29:06 : Checked column 38</span>
<span class="console-info">2021-02-04 02:29:06 : Checked column 39</span>
<span class="console-info">2021-02-04 02:29:06 : Checked column 40</span>
<span class="console-info">2021-02-04 02:29:06 : Checked column 41</span>
<span class="console-info">2021-02-04 02:29:06 : Checked column 42</span>
<span class="console-info">2021-02-04 02:29:06 : Checked column 43</span>
<span class="console-info">2021-02-04 02:29:06 : Checked column 44</span>
<span class="console-info">2021-02-04 02:29:06 : Checked column 45</span>
<span class="console-info">2021-02-04 02:29:06 : Checked column 46</span>
<span class="console-info">2021-02-04 02:29:06 : Checked column 47</span>
<span class="console-info">2021-02-04 02:29:06 : Finish checking columns</span>
<span class="console-info">2021-02-04 02:29:06 : Errors count: 0</span>
<span class="console-info">2021-02-04 02:29:06 : Start saving bunches</span>
<span class="console-info">2021-02-04 02:29:06 : Finish saving bunches</span>
<span class="console-info">2021-02-04 02:29:06 : The validation is complete.</span>
<span class="console-info">2021-02-04 02:29:06 : Checked rows: 4, checked entities: 4, invalid rows: 0, total errors: 0</span>
<span class="console-info">2021-02-04 02:29:06 : Import data validation is complete.</span>
<span class="console-info">2021-02-04 02:29:07 : Entity attribute</span>
<span class="console-info">2021-02-04 02:29:07 : recorded attribute with code: test_fluid .... 0.00377s</span>
<span class="console-info">2021-02-04 02:29:07 : recorded attribute with code: test_fluid .... 0.00288s</span>
<span class="console-info">2021-02-04 02:29:07 : recorded attribute with code: test_vm_type .... 0.00329s</span>
<span class="console-info">2021-02-04 02:29:07 : recorded attribute with code: test_vm_type .... 0.00276s</span>
<span class="console-debug">2021-02-04 02:29:07 : The import was successful.</span>
<span class="console-info">2021-02-04 02:29:07 : Running REINDEX</span>
<span class="console-info">2021-02-04 02:29:07 : REINDEX Design Config Grid</span>
<span class="console-info">2021-02-04 02:29:07 : REINDEX Customer Grid</span>
<span class="console-info">2021-02-04 02:29:07 : REINDEX Category Products</span>
<span class="console-info">2021-02-04 02:29:07 : REINDEX Product Categories</span>
<span class="console-info">2021-02-04 02:29:07 : REINDEX Catalog Rule Product</span>
<span class="console-info">2021-02-04 02:29:07 : REINDEX Product EAV</span>
<span class="console-info">2021-02-04 02:29:07 : REINDEX Stock</span>
<span class="console-info">2021-02-04 02:29:08 : REINDEX Inventory</span>
<span class="console-info">2021-02-04 02:29:08 : REINDEX Catalog Product Rule</span>
<span class="console-info">2021-02-04 02:29:08 : REINDEX Product Price</span>
<span class="console-info">2021-02-04 02:29:08 : REINDEX Google Product Removal Feed</span>
<span class="console-info">2021-02-04 02:29:08 : REINDEX Google Product Feed</span>
<span class="console-info">2021-02-04 02:29:08 : REINDEX Amasty: Advanced Search  - Categories</span>
<span class="console-info">2021-02-04 02:29:08 : REINDEX Catalog Search</span>
<span class="console-info">2021-02-04 02:29:09 : REINDEX Aheadworks Blog</span>
<span class="console-info">2021-02-04 02:29:09 : REINDEX Amasty: ElasticSearch - Relevance Rules (Rules)</span>
<span class="console-info">2021-02-04 02:29:09 : REINDEX Amasty: ElasticSearch - Relevance Rules (Products)</span>
<span class="console-info">2021-02-04 02:29:09 : REINDEX Amasty: ElasticSearch - Popup Data</span>
<span class="console-info">2021-02-04 02:29:09 : REINDEX Order Attributes Grid by Amasty</span>
<span class="console-info">2021-02-04 02:29:09 : REINDEX completed</span>
